[2026-02-13T05:26:54.990Z]
page: /api/webdisk/files
type: UNKNOWN
message: Cannot read properties of undefined (reading 'findMany')
context: {"method":"GET"}
stack: TypeError: Cannot read properties of undefined (reading 'findMany')
    at GET (/Users/neupkishor/Documents/neupdrive/.next/server/chunks/[root-of-the-server]__92849d55._.js:214:162)
    at AsyncLocalStorage.run (node:internal/async_local_storage/async_context_frame:59:14)
    at AppRouteRouteModule.do (/Users/neupkishor/Documents/neupdrive/node_modules/next/dist/compiled/next-server/app-route-turbo.runtime.dev.js:5:38775)
    at /Users/neupkishor/Documents/neupdrive/node_modules/next/dist/compiled/next-server/app-route-turbo.runtime.dev.js:5:48915
    at /Users/neupkishor/Documents/neupdrive/node_modules/next/dist/server/lib/trace/tracer.js:170:36
    at NoopContextManager.with (/Users/neupkishor/Documents/neupdrive/node_modules/@opentelemetry/api/build/src/context/NoopContextManager.js:25:19)
    at ContextAPI.with (/Users/neupkishor/Documents/neupdrive/node_modules/@opentelemetry/api/build/src/api/context.js:60:46)
    at NoopTracer.startActiveSpan (/Users/neupkishor/Documents/neupdrive/node_modules/@opentelemetry/api/build/src/trace/NoopTracer.js:65:31)
    at ProxyTracer.startActiveSpan (/Users/neupkishor/Documents/neupdrive/node_modules/@opentelemetry/api/build/src/trace/ProxyTracer.js:36:24)
    at /Users/neupkishor/Documents/neupdrive/node_modules/next/dist/server/lib/trace/tracer.js:152:103
    at NoopContextManager.with (/Users/neupkishor/Documents/neupdrive/node_modules/@opentelemetry/api/build/src/context/NoopContextManager.js:25:19)
    at ContextAPI.with (/Users/neupkishor/Documents/neupdrive/node_modules/@opentelemetry/api/build/src/api/context.js:60:46)
    at NextTracerImpl.trace (/Users/neupkishor/Documents/neupdrive/node_modules/next/dist/server/lib/trace/tracer.js:152:28)
    at /Users/neupkishor/Documents/neupdrive/node_modules/next/dist/compiled/next-server/app-route-turbo.runtime.dev.js:5:48760
    at AsyncLocalStorage.run (node:internal/async_local_storage/async_context_frame:63:14)
    at /Users/neupkishor/Documents/neupdrive/node_modules/next/dist/compiled/next-server/app-route-turbo.runtime.dev.js:5:46097
    at AsyncLocalStorage.run (node:internal/async_local_storage/async_context_frame:63:14)
    at /Users/neupkishor/Documents/neupdrive/node_modules/next/dist/compiled/next-server/app-route-turbo.runtime.dev.js:5:46054
    at AsyncLocalStorage.run (node:internal/async_local_storage/async_context_frame:63:14)
    at AppRouteRouteModule.handle (/Users/neupkishor/Documents/neupdrive/node_modules/next/dist/compiled/next-server/app-route-turbo.runtime.dev.js:5:46008)



[2026-02-13T05:26:55.361Z]
page: WebDiskPage
type: UNKNOWN
message: Client Error Reported
context: {"type":"CDN_UNREACHABLE","message":"Failed to fetch files"}
stack: Error: Client Error Reported
    at POST (/Users/neupkishor/Documents/neupdrive/.next/server/chunks/[root-of-the-server]__52281d51._.js:226:165)
    at processTicksAndRejections (node:internal/process/task_queues:103:5)
    at runNextTicks (node:internal/process/task_queues:68:3)
    at listOnTimeout (node:internal/timers:567:9)
    at process.processTimers (node:internal/timers:541:7)
    at async AppRouteRouteModule.do (/Users/neupkishor/Documents/neupdrive/node_modules/next/dist/compiled/next-server/app-route-turbo.runtime.dev.js:5:38696)
    at async AppRouteRouteModule.handle (/Users/neupkishor/Documents/neupdrive/node_modules/next/dist/compiled/next-server/app-route-turbo.runtime.dev.js:5:45978)
    at async responseGenerator (/Users/neupkishor/Documents/neupdrive/.next/server/chunks/node_modules_fb713e2b._.js:16920:38)
    at async AppRouteRouteModule.handleResponse (/Users/neupkishor/Documents/neupdrive/node_modules/next/dist/compiled/next-server/app-route-turbo.runtime.dev.js:1:187643)
    at async handleResponse (/Users/neupkishor/Documents/neupdrive/.next/server/chunks/node_modules_fb713e2b._.js:16982:32)
    at async handler (/Users/neupkishor/Documents/neupdrive/.next/server/chunks/node_modules_fb713e2b._.js:17034:13)
    at async DevServer.renderToResponseWithComponentsImpl (/Users/neupkishor/Documents/neupdrive/node_modules/next/dist/server/base-server.js:1422:9)
    at async DevServer.renderPageComponent (/Users/neupkishor/Documents/neupdrive/node_modules/next/dist/server/base-server.js:1474:24)
    at async DevServer.renderToResponseImpl (/Users/neupkishor/Documents/neupdrive/node_modules/next/dist/server/base-server.js:1514:32)
    at async DevServer.pipeImpl (/Users/neupkishor/Documents/neupdrive/node_modules/next/dist/server/base-server.js:1025:25)
    at async NextNodeServer.handleCatchallRenderRequest (/Users/neupkishor/Documents/neupdrive/node_modules/next/dist/server/next-server.js:393:17)
    at async DevServer.handleRequestImpl (/Users/neupkishor/Documents/neupdrive/node_modules/next/dist/server/base-server.js:916:17)
    at async /Users/neupkishor/Documents/neupdrive/node_modules/next/dist/server/dev/next-dev-server.js:399:20
    at async Span.traceAsyncFn (/Users/neupkishor/Documents/neupdrive/node_modules/next/dist/trace/trace.js:157:20)
    at async DevServer.handleRequest (/Users/neupkishor/Documents/neupdrive/node_modules/next/dist/server/dev/next-dev-server.js:395:24)
    at async invokeRender (/Users/neupkishor/Documents/neupdrive/node_modules/next/dist/server/lib/router-server.js:240:21)
    at async handleRequest (/Users/neupkishor/Documents/neupdrive/node_modules/next/dist/server/lib/router-server.js:437:24)
    at async requestHandlerImpl (/Users/neupkishor/Documents/neupdrive/node_modules/next/dist/server/lib/router-server.js:485:13)
    at async Server.requestListener (/Users/neupkishor/Documents/neupdrive/node_modules/next/dist/server/lib/start-server.js:226:13)



[2026-02-13T05:26:55.364Z]
page: WebDiskPage
type: UNKNOWN
message: Client Error Reported
context: {"type":"CDN_UNREACHABLE","message":"Failed to fetch files"}
stack: Error: Client Error Reported
    at POST (/Users/neupkishor/Documents/neupdrive/.next/server/chunks/[root-of-the-server]__52281d51._.js:226:165)
    at process.processTicksAndRejections (node:internal/process/task_queues:103:5)
    at async AppRouteRouteModule.do (/Users/neupkishor/Documents/neupdrive/node_modules/next/dist/compiled/next-server/app-route-turbo.runtime.dev.js:5:38696)
    at async AppRouteRouteModule.handle (/Users/neupkishor/Documents/neupdrive/node_modules/next/dist/compiled/next-server/app-route-turbo.runtime.dev.js:5:45978)
    at async responseGenerator (/Users/neupkishor/Documents/neupdrive/.next/server/chunks/node_modules_fb713e2b._.js:16920:38)
    at async AppRouteRouteModule.handleResponse (/Users/neupkishor/Documents/neupdrive/node_modules/next/dist/compiled/next-server/app-route-turbo.runtime.dev.js:1:187643)
    at async handleResponse (/Users/neupkishor/Documents/neupdrive/.next/server/chunks/node_modules_fb713e2b._.js:16982:32)
    at async handler (/Users/neupkishor/Documents/neupdrive/.next/server/chunks/node_modules_fb713e2b._.js:17034:13)
    at async DevServer.renderToResponseWithComponentsImpl (/Users/neupkishor/Documents/neupdrive/node_modules/next/dist/server/base-server.js:1422:9)
    at async DevServer.renderPageComponent (/Users/neupkishor/Documents/neupdrive/node_modules/next/dist/server/base-server.js:1474:24)
    at async DevServer.renderToResponseImpl (/Users/neupkishor/Documents/neupdrive/node_modules/next/dist/server/base-server.js:1514:32)
    at async DevServer.pipeImpl (/Users/neupkishor/Documents/neupdrive/node_modules/next/dist/server/base-server.js:1025:25)
    at async NextNodeServer.handleCatchallRenderRequest (/Users/neupkishor/Documents/neupdrive/node_modules/next/dist/server/next-server.js:393:17)
    at async DevServer.handleRequestImpl (/Users/neupkishor/Documents/neupdrive/node_modules/next/dist/server/base-server.js:916:17)
    at async /Users/neupkishor/Documents/neupdrive/node_modules/next/dist/server/dev/next-dev-server.js:399:20
    at async Span.traceAsyncFn (/Users/neupkishor/Documents/neupdrive/node_modules/next/dist/trace/trace.js:157:20)
    at async DevServer.handleRequest (/Users/neupkishor/Documents/neupdrive/node_modules/next/dist/server/dev/next-dev-server.js:395:24)
    at async invokeRender (/Users/neupkishor/Documents/neupdrive/node_modules/next/dist/server/lib/router-server.js:240:21)
    at async handleRequest (/Users/neupkishor/Documents/neupdrive/node_modules/next/dist/server/lib/router-server.js:437:24)
    at async requestHandlerImpl (/Users/neupkishor/Documents/neupdrive/node_modules/next/dist/server/lib/router-server.js:485:13)
    at async Server.requestListener (/Users/neupkishor/Documents/neupdrive/node_modules/next/dist/server/lib/start-server.js:226:13)



[2026-02-13T05:26:57.554Z]
page: /api/webdisk/files
type: UNKNOWN
message: Cannot read properties of undefined (reading 'findMany')
context: {"method":"GET"}
stack: TypeError: Cannot read properties of undefined (reading 'findMany')
    at GET (/Users/neupkishor/Documents/neupdrive/.next/server/chunks/[root-of-the-server]__92849d55._.js:214:162)
    at AsyncLocalStorage.run (node:internal/async_local_storage/async_context_frame:59:14)
    at AppRouteRouteModule.do (/Users/neupkishor/Documents/neupdrive/node_modules/next/dist/compiled/next-server/app-route-turbo.runtime.dev.js:5:38775)
    at /Users/neupkishor/Documents/neupdrive/node_modules/next/dist/compiled/next-server/app-route-turbo.runtime.dev.js:5:48915
    at /Users/neupkishor/Documents/neupdrive/node_modules/next/dist/server/lib/trace/tracer.js:170:36
    at NoopContextManager.with (/Users/neupkishor/Documents/neupdrive/node_modules/@opentelemetry/api/build/src/context/NoopContextManager.js:25:19)
    at ContextAPI.with (/Users/neupkishor/Documents/neupdrive/node_modules/@opentelemetry/api/build/src/api/context.js:60:46)
    at NoopTracer.startActiveSpan (/Users/neupkishor/Documents/neupdrive/node_modules/@opentelemetry/api/build/src/trace/NoopTracer.js:65:31)
    at ProxyTracer.startActiveSpan (/Users/neupkishor/Documents/neupdrive/node_modules/@opentelemetry/api/build/src/trace/ProxyTracer.js:36:24)
    at /Users/neupkishor/Documents/neupdrive/node_modules/next/dist/server/lib/trace/tracer.js:152:103
    at NoopContextManager.with (/Users/neupkishor/Documents/neupdrive/node_modules/@opentelemetry/api/build/src/context/NoopContextManager.js:25:19)
    at ContextAPI.with (/Users/neupkishor/Documents/neupdrive/node_modules/@opentelemetry/api/build/src/api/context.js:60:46)
    at NextTracerImpl.trace (/Users/neupkishor/Documents/neupdrive/node_modules/next/dist/server/lib/trace/tracer.js:152:28)
    at /Users/neupkishor/Documents/neupdrive/node_modules/next/dist/compiled/next-server/app-route-turbo.runtime.dev.js:5:48760
    at AsyncLocalStorage.run (node:internal/async_local_storage/async_context_frame:63:14)
    at /Users/neupkishor/Documents/neupdrive/node_modules/next/dist/compiled/next-server/app-route-turbo.runtime.dev.js:5:46097
    at AsyncLocalStorage.run (node:internal/async_local_storage/async_context_frame:63:14)
    at /Users/neupkishor/Documents/neupdrive/node_modules/next/dist/compiled/next-server/app-route-turbo.runtime.dev.js:5:46054
    at AsyncLocalStorage.run (node:internal/async_local_storage/async_context_frame:63:14)
    at AppRouteRouteModule.handle (/Users/neupkishor/Documents/neupdrive/node_modules/next/dist/compiled/next-server/app-route-turbo.runtime.dev.js:5:46008)



[2026-02-13T05:26:57.936Z]
page: WebDiskPage
type: UNKNOWN
message: Client Error Reported
context: {"type":"CDN_UNREACHABLE","message":"Failed to fetch files"}
stack: Error: Client Error Reported
    at POST (/Users/neupkishor/Documents/neupdrive/.next/server/chunks/[root-of-the-server]__52281d51._.js:226:165)
    at process.processTicksAndRejections (node:internal/process/task_queues:103:5)
    at async AppRouteRouteModule.do (/Users/neupkishor/Documents/neupdrive/node_modules/next/dist/compiled/next-server/app-route-turbo.runtime.dev.js:5:38696)
    at async AppRouteRouteModule.handle (/Users/neupkishor/Documents/neupdrive/node_modules/next/dist/compiled/next-server/app-route-turbo.runtime.dev.js:5:45978)
    at async responseGenerator (/Users/neupkishor/Documents/neupdrive/.next/server/chunks/node_modules_fb713e2b._.js:16920:38)
    at async AppRouteRouteModule.handleResponse (/Users/neupkishor/Documents/neupdrive/node_modules/next/dist/compiled/next-server/app-route-turbo.runtime.dev.js:1:187643)
    at async handleResponse (/Users/neupkishor/Documents/neupdrive/.next/server/chunks/node_modules_fb713e2b._.js:16982:32)
    at async handler (/Users/neupkishor/Documents/neupdrive/.next/server/chunks/node_modules_fb713e2b._.js:17034:13)
    at async DevServer.renderToResponseWithComponentsImpl (/Users/neupkishor/Documents/neupdrive/node_modules/next/dist/server/base-server.js:1422:9)
    at async DevServer.renderPageComponent (/Users/neupkishor/Documents/neupdrive/node_modules/next/dist/server/base-server.js:1474:24)
    at async DevServer.renderToResponseImpl (/Users/neupkishor/Documents/neupdrive/node_modules/next/dist/server/base-server.js:1514:32)
    at async DevServer.pipeImpl (/Users/neupkishor/Documents/neupdrive/node_modules/next/dist/server/base-server.js:1025:25)
    at async NextNodeServer.handleCatchallRenderRequest (/Users/neupkishor/Documents/neupdrive/node_modules/next/dist/server/next-server.js:393:17)
    at async DevServer.handleRequestImpl (/Users/neupkishor/Documents/neupdrive/node_modules/next/dist/server/base-server.js:916:17)
    at async /Users/neupkishor/Documents/neupdrive/node_modules/next/dist/server/dev/next-dev-server.js:399:20
    at async Span.traceAsyncFn (/Users/neupkishor/Documents/neupdrive/node_modules/next/dist/trace/trace.js:157:20)
    at async DevServer.handleRequest (/Users/neupkishor/Documents/neupdrive/node_modules/next/dist/server/dev/next-dev-server.js:395:24)
    at async invokeRender (/Users/neupkishor/Documents/neupdrive/node_modules/next/dist/server/lib/router-server.js:240:21)
    at async handleRequest (/Users/neupkishor/Documents/neupdrive/node_modules/next/dist/server/lib/router-server.js:437:24)
    at async requestHandlerImpl (/Users/neupkishor/Documents/neupdrive/node_modules/next/dist/server/lib/router-server.js:485:13)
    at async Server.requestListener (/Users/neupkishor/Documents/neupdrive/node_modules/next/dist/server/lib/start-server.js:226:13)



[2026-02-13T05:28:24.860Z]
page: /api/webdisk/files
type: UNKNOWN
message: Cannot read properties of undefined (reading 'findMany')
context: {"method":"GET"}
stack: TypeError: Cannot read properties of undefined (reading 'findMany')
    at GET (/Users/neupkishor/Documents/neupdrive/.next/server/chunks/[root-of-the-server]__92849d55._.js:218:162)
    at AsyncLocalStorage.run (node:internal/async_local_storage/async_context_frame:59:14)
    at AppRouteRouteModule.do (/Users/neupkishor/Documents/neupdrive/node_modules/next/dist/compiled/next-server/app-route-turbo.runtime.dev.js:5:38775)
    at /Users/neupkishor/Documents/neupdrive/node_modules/next/dist/compiled/next-server/app-route-turbo.runtime.dev.js:5:48915
    at /Users/neupkishor/Documents/neupdrive/node_modules/next/dist/server/lib/trace/tracer.js:170:36
    at NoopContextManager.with (/Users/neupkishor/Documents/neupdrive/node_modules/@opentelemetry/api/build/src/context/NoopContextManager.js:25:19)
    at ContextAPI.with (/Users/neupkishor/Documents/neupdrive/node_modules/@opentelemetry/api/build/src/api/context.js:60:46)
    at NoopTracer.startActiveSpan (/Users/neupkishor/Documents/neupdrive/node_modules/@opentelemetry/api/build/src/trace/NoopTracer.js:65:31)
    at ProxyTracer.startActiveSpan (/Users/neupkishor/Documents/neupdrive/node_modules/@opentelemetry/api/build/src/trace/ProxyTracer.js:36:24)
    at /Users/neupkishor/Documents/neupdrive/node_modules/next/dist/server/lib/trace/tracer.js:152:103
    at NoopContextManager.with (/Users/neupkishor/Documents/neupdrive/node_modules/@opentelemetry/api/build/src/context/NoopContextManager.js:25:19)
    at ContextAPI.with (/Users/neupkishor/Documents/neupdrive/node_modules/@opentelemetry/api/build/src/api/context.js:60:46)
    at NextTracerImpl.trace (/Users/neupkishor/Documents/neupdrive/node_modules/next/dist/server/lib/trace/tracer.js:152:28)
    at /Users/neupkishor/Documents/neupdrive/node_modules/next/dist/compiled/next-server/app-route-turbo.runtime.dev.js:5:48760
    at AsyncLocalStorage.run (node:internal/async_local_storage/async_context_frame:63:14)
    at /Users/neupkishor/Documents/neupdrive/node_modules/next/dist/compiled/next-server/app-route-turbo.runtime.dev.js:5:46097
    at AsyncLocalStorage.run (node:internal/async_local_storage/async_context_frame:63:14)
    at /Users/neupkishor/Documents/neupdrive/node_modules/next/dist/compiled/next-server/app-route-turbo.runtime.dev.js:5:46054
    at AsyncLocalStorage.run (node:internal/async_local_storage/async_context_frame:63:14)
    at AppRouteRouteModule.handle (/Users/neupkishor/Documents/neupdrive/node_modules/next/dist/compiled/next-server/app-route-turbo.runtime.dev.js:5:46008)



[2026-02-13T05:28:25.534Z]
page: WebDiskPage
type: UNKNOWN
message: Client Error Reported
context: {"type":"UNKNOWN","message":"Failed to fetch files"}
stack: Error: Client Error Reported
    at POST (/Users/neupkishor/Documents/neupdrive/.next/server/chunks/[root-of-the-server]__52281d51._.js:230:165)
    at process.processTicksAndRejections (node:internal/process/task_queues:103:5)
    at async AppRouteRouteModule.do (/Users/neupkishor/Documents/neupdrive/node_modules/next/dist/compiled/next-server/app-route-turbo.runtime.dev.js:5:38696)
    at async AppRouteRouteModule.handle (/Users/neupkishor/Documents/neupdrive/node_modules/next/dist/compiled/next-server/app-route-turbo.runtime.dev.js:5:45978)
    at async responseGenerator (/Users/neupkishor/Documents/neupdrive/.next/server/chunks/node_modules_fb713e2b._.js:16920:38)
    at async AppRouteRouteModule.handleResponse (/Users/neupkishor/Documents/neupdrive/node_modules/next/dist/compiled/next-server/app-route-turbo.runtime.dev.js:1:187643)
    at async handleResponse (/Users/neupkishor/Documents/neupdrive/.next/server/chunks/node_modules_fb713e2b._.js:16982:32)
    at async handler (/Users/neupkishor/Documents/neupdrive/.next/server/chunks/node_modules_fb713e2b._.js:17034:13)
    at async DevServer.renderToResponseWithComponentsImpl (/Users/neupkishor/Documents/neupdrive/node_modules/next/dist/server/base-server.js:1422:9)
    at async DevServer.renderPageComponent (/Users/neupkishor/Documents/neupdrive/node_modules/next/dist/server/base-server.js:1474:24)
    at async DevServer.renderToResponseImpl (/Users/neupkishor/Documents/neupdrive/node_modules/next/dist/server/base-server.js:1514:32)
    at async DevServer.pipeImpl (/Users/neupkishor/Documents/neupdrive/node_modules/next/dist/server/base-server.js:1025:25)
    at async NextNodeServer.handleCatchallRenderRequest (/Users/neupkishor/Documents/neupdrive/node_modules/next/dist/server/next-server.js:393:17)
    at async DevServer.handleRequestImpl (/Users/neupkishor/Documents/neupdrive/node_modules/next/dist/server/base-server.js:916:17)
    at async /Users/neupkishor/Documents/neupdrive/node_modules/next/dist/server/dev/next-dev-server.js:399:20
    at async Span.traceAsyncFn (/Users/neupkishor/Documents/neupdrive/node_modules/next/dist/trace/trace.js:157:20)
    at async DevServer.handleRequest (/Users/neupkishor/Documents/neupdrive/node_modules/next/dist/server/dev/next-dev-server.js:395:24)
    at async invokeRender (/Users/neupkishor/Documents/neupdrive/node_modules/next/dist/server/lib/router-server.js:240:21)
    at async handleRequest (/Users/neupkishor/Documents/neupdrive/node_modules/next/dist/server/lib/router-server.js:437:24)
    at async requestHandlerImpl (/Users/neupkishor/Documents/neupdrive/node_modules/next/dist/server/lib/router-server.js:485:13)
    at async Server.requestListener (/Users/neupkishor/Documents/neupdrive/node_modules/next/dist/server/lib/start-server.js:226:13)



[2026-06-07T03:21:49.022Z]
page: FileUpload
type: UNKNOWN
message: loaded_persisted_uploads
context: {"type":"UPLOAD_TRACE","message":"loaded_persisted_uploads","activeCount":0,"totalCount":5}

stack: Error: loaded_persisted_uploads
    at POST (/Users/neupkishor/Code/neup.drive/.next/server/chunks/[root-of-the-server]__52281d51._.js:253:29)
    at processTicksAndRejections (node:internal/process/task_queues:103:5)
    at runNextTicks (node:internal/process/task_queues:68:3)
    at listOnTimeout (node:internal/timers:567:9)
    at process.processTimers (node:internal/timers:541:7)
    at async AppRouteRouteModule.do (/Users/neupkishor/Code/neup.drive/node_modules/next/dist/compiled/next-server/app-route-turbo.runtime.dev.js:5:38696)
    at async AppRouteRouteModule.handle (/Users/neupkishor/Code/neup.drive/node_modules/next/dist/compiled/next-server/app-route-turbo.runtime.dev.js:5:45978)
    at async responseGenerator (/Users/neupkishor/Code/neup.drive/.next/server/chunks/node_modules_fb713e2b._.js:16920:38)
    at async AppRouteRouteModule.handleResponse (/Users/neupkishor/Code/neup.drive/node_modules/next/dist/compiled/next-server/app-route-turbo.runtime.dev.js:1:187643)
    at async handleResponse (/Users/neupkishor/Code/neup.drive/.next/server/chunks/node_modules_fb713e2b._.js:16982:32)
    at async handler (/Users/neupkishor/Code/neup.drive/.next/server/chunks/node_modules_fb713e2b._.js:17034:13)
    at async DevServer.renderToResponseWithComponentsImpl (/Users/neupkishor/Code/neup.drive/node_modules/next/dist/server/base-server.js:1422:9)
    at async DevServer.renderPageComponent (/Users/neupkishor/Code/neup.drive/node_modules/next/dist/server/base-server.js:1474:24)
    at async DevServer.renderToResponseImpl (/Users/neupkishor/Code/neup.drive/node_modules/next/dist/server/base-server.js:1514:32)
    at async DevServer.pipeImpl (/Users/neupkishor/Code/neup.drive/node_modules/next/dist/server/base-server.js:1025:25)
    at async NextNodeServer.handleCatchallRenderRequest (/Users/neupkishor/Code/neup.drive/node_modules/next/dist/server/next-server.js:393:17)
    at async DevServer.handleRequestImpl (/Users/neupkishor/Code/neup.drive/node_modules/next/dist/server/base-server.js:916:17)
    at async /Users/neupkishor/Code/neup.drive/node_modules/next/dist/server/dev/next-dev-server.js:399:20
    at async Span.traceAsyncFn (/Users/neupkishor/Code/neup.drive/node_modules/next/dist/trace/trace.js:157:20)
    at async DevServer.handleRequest (/Users/neupkishor/Code/neup.drive/node_modules/next/dist/server/dev/next-dev-server.js:395:24)
    at async invokeRender (/Users/neupkishor/Code/neup.drive/node_modules/next/dist/server/lib/router-server.js:240:21)
    at async handleRequest (/Users/neupkishor/Code/neup.drive/node_modules/next/dist/server/lib/router-server.js:437:24)
    at async requestHandlerImpl (/Users/neupkishor/Code/neup.drive/node_modules/next/dist/server/lib/router-server.js:485:13)
    at async Server.requestListener (/Users/neupkishor/Code/neup.drive/node_modules/next/dist/server/lib/start-server.js:226:13)



